{"synthetic": false,
 "schemaVersion": "2025-09-10",
 "outputs":
 {"o": ["e5473869f613b297.olean"],
  "m": false,
  "i": "242c00249f1faeb3.ilean",
  "c": "67657b380372e187.c"},
 "log":
 [{"message":
   ".> LEAN_PATH=~/10_PROJECTS/cortex-persist/cortex/math_verification/cortex_math_lean/.lake/build/lib/lean ~/.elan/toolchains/leanprover--lean4---v4.31.0/bin/lean ~/10_PROJECTS/cortex-persist/cortex/math_verification/cortex_math_lean/Main.lean -o ~/10_PROJECTS/cortex-persist/cortex/math_verification/cortex_math_lean/.lake/build/lib/lean/Main.olean -i ~/10_PROJECTS/cortex-persist/cortex/math_verification/cortex_math_lean/.lake/build/lib/lean/Main.ilean -c ~/10_PROJECTS/cortex-persist/cortex/math_verification/cortex_math_lean/.lake/build/ir/Main.c --setup ~/10_PROJECTS/cortex-persist/cortex/math_verification/cortex_math_lean/.lake/build/ir/Main.setup.json --json",
   "level": "trace"}],
 "inputs":
 [["Main:deps",
   [["deps",
     [["cortex_math_lean/cortex_math_lean:extraDep",
       [["@cortex_math_lean:extraDep", "00000000000006bb"]]],
      ["imports",
       [["CortexMathLean transitive imports (legacy)", "338065366271baa7"],
        ["CortexMathLean:importAllArts", "ba2c8e2a9387bb47"]]]]],
    ["libs",
     [["import dynlibs", "00000000000006bb"],
      ["package external libraries", "00000000000006bb"],
      ["module dynlibs", "00000000000006bb"],
      ["module plugins", "00000000000006bb"]]]]],
  ["Lean 4.31.0, commit 68218e876d2a38b1985b8590fff244a83c321783",
   "fc45ac412f28501c"],
  ["~/10_PROJECTS/cortex-persist/cortex/math_verification/cortex_math_lean/Main.lean",
   "d64fff8a40543090"],
  ["options", "00000000000006bb"],
  ["isModule: false", "feefd2a0d3a1847e"],
  ["Module.name: Main", "f2a1fd945cf30c62"],
  ["Package.id?: (some cortex_math_lean)", "d50b5563f47a48d5"],
  ["Module.leanArgs: #[]", "00000000000006bb"]],
 "depHash": "fb8344bc00aa7ad5"}