{"synthetic": false,
 "schemaVersion": "2025-09-10",
 "outputs":
 {"o": ["cf9e6b17ba6b3d6b.olean"],
  "m": false,
  "i": "c84aa7821e3d31d9.ilean",
  "c": "d67110b1c59f3138.c"},
 "log":
 [{"message":
   ".> LEAN_PATH=~/10_PROJECTS/cortex-persist/cortex/math_verification/cortex_math_lean/.lake/build/lib/lean ~/.elan/toolchains/leanprover--lean4---v4.31.0/bin/lean ~/10_PROJECTS/cortex-persist/cortex/math_verification/cortex_math_lean/CortexMathLean.lean -o ~/10_PROJECTS/cortex-persist/cortex/math_verification/cortex_math_lean/.lake/build/lib/lean/CortexMathLean.olean -i ~/10_PROJECTS/cortex-persist/cortex/math_verification/cortex_math_lean/.lake/build/lib/lean/CortexMathLean.ilean -c ~/10_PROJECTS/cortex-persist/cortex/math_verification/cortex_math_lean/.lake/build/ir/CortexMathLean.c --setup ~/10_PROJECTS/cortex-persist/cortex/math_verification/cortex_math_lean/.lake/build/ir/CortexMathLean.setup.json --json",
   "level": "trace"}],
 "inputs":
 [["CortexMathLean:deps",
   [["deps",
     [["cortex_math_lean/CortexMathLean:extraDep",
       [["@cortex_math_lean:extraDep", "00000000000006bb"]]],
      ["imports",
       [["CortexMathLean.GraphTheory transitive imports (legacy)",
         "00000000000006bb"],
        ["CortexMathLean.GraphTheory:importAllArts", "7317d29ef17b2183"],
        ["CortexMathLean.HardGraphChecker transitive imports (legacy)",
         "00000000000006bb"],
        ["CortexMathLean.HardGraphChecker:importAllArts",
         "f03ed5a4badc2078"]]]]],
    ["libs",
     [["import dynlibs", "00000000000006bb"],
      ["package external libraries", "00000000000006bb"],
      ["module dynlibs", "00000000000006bb"],
      ["module plugins", "00000000000006bb"]]]]],
  ["Lean 4.31.0, commit 68218e876d2a38b1985b8590fff244a83c321783",
   "fc45ac412f28501c"],
  ["~/10_PROJECTS/cortex-persist/cortex/math_verification/cortex_math_lean/CortexMathLean.lean",
   "2b762eff9c482e02"],
  ["options", "00000000000006bb"],
  ["isModule: false", "feefd2a0d3a1847e"],
  ["Module.name: CortexMathLean", "ea7bdbc67223ea88"],
  ["Package.id?: (some cortex_math_lean)", "d50b5563f47a48d5"],
  ["Module.leanArgs: #[]", "00000000000006bb"]],
 "depHash": "f49c265d5d5ca8cd"}