{"synthetic": false,
 "schemaVersion": "2025-09-10",
 "outputs":
 {"o": ["700d0cf191cb6802.olean"],
  "m": false,
  "i": "56f7f56863cd7abb.ilean",
  "c": "34ec956ea3d248c7.c"},
 "log":
 [{"message":
   ".> LEAN_PATH=~/10_PROJECTS/cortex-persist/cortex/math_verification/cortex_math_lean/.lake/build/lib/lean ~/.elan/toolchains/leanprover--lean4---v4.31.0/bin/lean ~/10_PROJECTS/cortex-persist/cortex/math_verification/cortex_math_lean/CortexMathLean/GraphTheory.lean -o ~/10_PROJECTS/cortex-persist/cortex/math_verification/cortex_math_lean/.lake/build/lib/lean/CortexMathLean/GraphTheory.olean -i ~/10_PROJECTS/cortex-persist/cortex/math_verification/cortex_math_lean/.lake/build/lib/lean/CortexMathLean/GraphTheory.ilean -c ~/10_PROJECTS/cortex-persist/cortex/math_verification/cortex_math_lean/.lake/build/ir/CortexMathLean/GraphTheory.c --setup ~/10_PROJECTS/cortex-persist/cortex/math_verification/cortex_math_lean/.lake/build/ir/CortexMathLean/GraphTheory.setup.json --json",
   "level": "trace"}],
 "inputs":
 [["CortexMathLean.GraphTheory:deps",
   [["deps",
     [["cortex_math_lean/CortexMathLean:extraDep",
       [["@cortex_math_lean:extraDep", "00000000000006bb"]]],
      ["imports", "00000000000006bb"]]],
    ["libs",
     [["import dynlibs", "00000000000006bb"],
      ["package external libraries", "00000000000006bb"],
      ["module dynlibs", "00000000000006bb"],
      ["module plugins", "00000000000006bb"]]]]],
  ["Lean 4.31.0, commit 68218e876d2a38b1985b8590fff244a83c321783",
   "fc45ac412f28501c"],
  ["~/10_PROJECTS/cortex-persist/cortex/math_verification/cortex_math_lean/CortexMathLean/GraphTheory.lean",
   "a8c41ca155141fdf"],
  ["options", "00000000000006bb"],
  ["isModule: false", "feefd2a0d3a1847e"],
  ["Module.name: CortexMathLean.GraphTheory", "c4555ce5674b5084"],
  ["Package.id?: (some cortex_math_lean)", "d50b5563f47a48d5"],
  ["Module.leanArgs: #[]", "00000000000006bb"]],
 "depHash": "88bac745afbae4ae"}